sample.interval=20000
"findCenvVar" "getInlineInfo" "tryInline" "cmpCall" "cmp" "h" "tryInline" "cmpCall" "cmp" "cmpForBody" "h" "tryInline" "cmpCall" "cmp" "h" "tryInline" "cmpCall" "cmp" "genCode" "cmpfun" "doTryCatch" "tryCatchOne" "tryCatchList" "tryCatch" "compiler:::tryCmpfun" "run_bootstrap" 
"lm.fit" "fit_model" "run_bootstrap" 
"run_bootstrap" 
"lm.fit" "fit_model" "run_bootstrap" 
"lm.fit" "fit_model" "run_bootstrap" 
"stopifnot" "sample.int" "sample" "run_bootstrap" 
"stopifnot" "sample.int" "sample" "run_bootstrap" 
"stopifnot" "sample.int" "sample" "run_bootstrap" 
"attr" "lm.fit" "fit_model" "run_bootstrap" 
"matrix" "fit_model" "run_bootstrap" 
"lm.fit" "fit_model" "run_bootstrap" 
"lm.fit" "fit_model" "run_bootstrap" 
"sample.int" "sample" "run_bootstrap" 
"...elt" "stopifnot" "sample.int" "sample" "run_bootstrap" 
"lm.fit" "fit_model" "run_bootstrap" 
"stopifnot" "sample.int" "sample" "run_bootstrap" 
"matrix" "cbind" "fit_model" "run_bootstrap" 
"lm.fit" "fit_model" "run_bootstrap" 
"lm.fit" "fit_model" "run_bootstrap" 
"sample" "run_bootstrap" 
"matrix" "cbind" "fit_model" "run_bootstrap" 
"nrow" "lm.fit" "fit_model" "run_bootstrap" 
"%||%" "lm.fit" "fit_model" "run_bootstrap" 
